<?xml version="1.0" encoding="UTF-8"?>
<testng-results ignored="0" total="1" passed="1" failed="0" skipped="0">
  <reporter-output>
  </reporter-output>
  <suite started-at="2026-06-05T10:18:32 IST" name="Default suite" finished-at="2026-06-05T10:18:32 IST" duration-ms="107">
    <groups>
    </groups>
    <test started-at="2026-06-05T10:18:32 IST" name="Default test" finished-at="2026-06-05T10:18:32 IST" duration-ms="107">
      <class name="Testng_package.NewTest">
        <test-method is-config="true" signature="beforeTest()[pri:0, instance:Testng_package.NewTest@3fc2959f]" started-at="2026-06-05T10:18:32 IST" name="beforeTest" finished-at="2026-06-05T10:18:32 IST" duration-ms="18" status="PASS">
          <reporter-output>
          </reporter-output>
        </test-method> <!-- beforeTest -->
        <test-method signature="f()[pri:0, instance:Testng_package.NewTest@3fc2959f]" started-at="2026-06-05T10:18:32 IST" name="f" finished-at="2026-06-05T10:18:32 IST" duration-ms="15" status="PASS">
          <reporter-output>
          </reporter-output>
        </test-method> <!-- f -->
        <test-method is-config="true" signature="afterTest()[pri:0, instance:Testng_package.NewTest@3fc2959f]" started-at="2026-06-05T10:18:32 IST" name="afterTest" finished-at="2026-06-05T10:18:32 IST" duration-ms="1" status="PASS">
          <reporter-output>
          </reporter-output>
        </test-method> <!-- afterTest -->
      </class> <!-- Testng_package.NewTest -->
    </test> <!-- Default test -->
  </suite> <!-- Default suite -->
</testng-results>
